<?xml version="1.0" encoding="UTF-8"?>
<!-- Generated by org.testng.reporters.JUnitReportReporter -->
<testsuite hostname="LAPTOP-CQLUKPCI" failures="0" tests="1" name="testCases.TC_001_AccountRegistrationTest" time="2.997" errors="0" timestamp="2025-01-07T12:21:34 CST" skipped="0">
  <testcase classname="testCases.TC_001_AccountRegistrationTest" name="verify_account_registration" time="2.997"/>
</testsuite> <!-- testCases.TC_001_AccountRegistrationTest -->
